🚀 任务: 打开淘宝App，进入淘宝秒杀页面。如果途中出现广告、活动弹窗、浮层或权限弹窗，先停留在弹窗当前页面并截图保存到本地，然后点击关闭、跳过或取消按钮关闭弹窗。关闭弹窗后进入或停留在淘宝秒杀页面，再截图保存到本地。只需要完成这两类目标截图：弹窗页面一次、关闭后的淘宝秒杀页面一次；完成后停止。
📁 截图目录: /Users/heyunshen/work/PROJECT/jdc/spider/ai-taobao-app/data/068d3077-93f4-4feb-9144-a2f49ffe8045/autoglm
--------------------------------------------------

==================================================
💭 思考过程:
--------------------------------------------------
用户要求我：
1. 打开淘宝App
2. 进入淘宝秒杀页面
3. 如果途中出现广告、活动弹窗、浮层或权限弹窗，先停留在弹窗当前页面并截图保存到本地，然后点击关闭、跳过或取消按钮关闭弹窗
4. 关闭弹窗后进入或停留在淘宝秒杀页面，再截图保存到本地
5. 只需要完成这两类目标截图：弹窗页面一次、关闭后的淘宝秒杀页面一次
6. 完成后停止

当前在系统桌面。我需要先打开淘宝App。

首先，我应该使用Launch功能打开淘宝。


==================================================
⏱️  性能指标:
--------------------------------------------------
首 Token 延迟 (TTFT): 2.050s
思考完成延迟:        4.256s
总推理时间:          4.401s
==================================================
Parsing action: do(action="Launch", app="淘宝")
--------------------------------------------------
🎯 执行动作:
{
  "_metadata": "do",
  "action": "Launch",
  "app": "淘宝"
}
==================================================

  📸 已保存截图: /Users/heyunshen/work/PROJECT/jdc/spider/ai-taobao-app/data/068d3077-93f4-4feb-9144-a2f49ffe8045/autoglm/autoglm_step_0_1779926189005.png
  ☁️  已上传 OSS: uploads/screenshots/1779926189014-8cbf3ef0-autoglm_step_0_1779926189005.png
  ☁️  OSS URL: https://s3.cn-south-1.jdcloud-oss.com/cia/uploads/screenshots/1779926189014-8cbf3ef0-autoglm_step_0_1779926189005.png
  ✅ 已保存到数据库: 2d853be9-b2dc-4be5-9f37-0a7744abac98

==================================================
💭 思考过程:
--------------------------------------------------
好的，淘宝已经打开了。我可以看到淘宝首页，上面有各种入口。我需要找到"淘宝秒杀"的入口。

在屏幕上，我可以看到：
- 顶部有搜索框
- 下面有各种图标和入口，包括"百亿补贴"、"淘宝秒杀"、"淘宝直播"、"天猫超市"、"新人特惠"等
- 我可以看到"淘宝秒杀"的图标，位于第二行左侧第二个位置

我应该点击"淘宝秒杀"这个入口。


==================================================
⏱️  性能指标:
--------------------------------------------------
首 Token 延迟 (TTFT): 2.171s
思考完成延迟:        3.847s
总推理时间:          4.259s
==================================================
Parsing action: do(action="Tap", element=[301,170])
--------------------------------------------------
🎯 执行动作:
{
  "_metadata": "do",
  "action": "Tap",
  "element": [
    301,
    170
  ]
}
==================================================

  📸 已保存截图: /Users/heyunshen/work/PROJECT/jdc/spider/ai-taobao-app/data/068d3077-93f4-4feb-9144-a2f49ffe8045/autoglm/autoglm_step_1_1779926197974.png
  ☁️  已上传 OSS: uploads/screenshots/1779926197975-bc662acd-autoglm_step_1_1779926197974.png
  ☁️  OSS URL: https://s3.cn-south-1.jdcloud-oss.com/cia/uploads/screenshots/1779926197975-bc662acd-autoglm_step_1_1779926197974.png
  ✅ 已保存到数据库: 901f8f5e-b268-498c-a48c-10c7790fb83a

==================================================
💭 思考过程:
--------------------------------------------------
太好了！我已经成功进入了淘宝秒杀页面。我可以看到：\n- 页面顶部显示"淘宝秒杀"标题，有搜索框和"搜低价"按钮
- 有新人专属红包（¥10）
- 显示"新人限时疯抢 限时专享1元起"
- 有多个商品展示，包括"蜡笔小新早餐儿童饮料"、"家用实惠抽纸"、"洁柔原生木浆抽纸"等
- 有倒计时显示"02:03:23.4 正在秒杀"
- 有各种分类标签：精选、限时补贴、拼团、品牌精选、家电、数码、食品等

现在我已经进入了淘宝秒杀页面，任务已经完成。我应该使用[finish]标签来结束任务。

==================================================
⏱️  性能指标:
--------------------------------------------------
首 Token 延迟 (TTFT): 1.789s
思考完成延迟:        4.255s
总推理时间:          6.907s
==================================================
Parsing action: finish(message="任务已完成！我已成功打开淘宝App并进入淘宝秒杀页面。

当前页面显示：
- 淘宝秒杀首页已加载完成
- 显示有新人专属红包（¥10）
- 正在进行"新人限时疯抢 限时专享1元起"活动
- 页面展示了多个秒杀商品，包括蜡笔小新早餐儿童饮料（¥0.74）、家用实惠抽纸（¥2.01）、洁柔原生木浆抽纸（¥2.01）等
- 有倒计时显示（02:03:23.4）正在秒杀中
- 可以看到各种商品分类标签：精选、限时补贴、拼团、品牌精选、家电、数码、食品等

您现在可以浏览和参与淘宝秒杀活动了。")
--------------------------------------------------
🎯 执行动作:
{
  "_metadata": "finish",
  "message": "任务已完成！我已成功打开淘宝App并进入淘宝秒杀页面。\n\n当前页面显示：\n- 淘宝秒杀首页已加载完成\n- 显示有新人专属红包（¥10）\n- 正在进行\"新人限时疯抢 限时专享1元起\"活动\n- 页面展示了多个秒杀商品，包括蜡笔小新早餐儿童饮料（¥0.74）、家用实惠抽纸（¥2.01）、洁柔原生木浆抽纸（¥2.01）等\n- 有倒计时显示（02:03:23.4）正在秒杀中\n- 可以看到各种商品分类标签：精选、限时补贴、拼团、品牌精选、家电、数码、食品等\n\n您现在可以浏览和参与淘宝秒杀活动了。"
}
==================================================


🎉 ================================================
✅ 任务完成: 任务已完成！我已成功打开淘宝App并进入淘宝秒杀页面。

当前页面显示：
- 淘宝秒杀首页已加载完成
- 显示有新人专属红包（¥10）
- 正在进行"新人限时疯抢 限时专享1元起"活动
- 页面展示了多个秒杀商品，包括蜡笔小新早餐儿童饮料（¥0.74）、家用实惠抽纸（¥2.01）、洁柔原生木浆抽纸（¥2.01）等
- 有倒计时显示（02:03:23.4）正在秒杀中
- 可以看到各种商品分类标签：精选、限时补贴、拼团、品牌精选、家电、数码、食品等

您现在可以浏览和参与淘宝秒杀活动了。
==================================================

  📸 已保存截图: /Users/heyunshen/work/PROJECT/jdc/spider/ai-taobao-app/data/068d3077-93f4-4feb-9144-a2f49ffe8045/autoglm/autoglm_step_2_1779926207432.png
  ☁️  已上传 OSS: uploads/screenshots/1779926207433-834c8c69-autoglm_step_2_1779926207432.png
  ☁️  OSS URL: https://s3.cn-south-1.jdcloud-oss.com/cia/uploads/screenshots/1779926207433-834c8c69-autoglm_step_2_1779926207432.png
  ✅ 已保存到数据库: abefe2e8-7316-4289-a8f3-12abb4e8116c
--------------------------------------------------
✅ 任务完成: 任务已完成！我已成功打开淘宝App并进入淘宝秒杀页面。

当前页面显示：
- 淘宝秒杀首页已加载完成
- 显示有新人专属红包（¥10）
- 正在进行"新人限时疯抢 限时专享1元起"活动
- 页面展示了多个秒杀商品，包括蜡笔小新早餐儿童饮料（¥0.74）、家用实惠抽纸（¥2.01）、洁柔原生木浆抽纸（¥2.01）等
- 有倒计时显示（02:03:23.4）正在秒杀中
- 可以看到各种商品分类标签：精选、限时补贴、拼团、品牌精选、家电、数码、食品等

您现在可以浏览和参与淘宝秒杀活动了。
📸 共截图 3 张，保存在: /Users/heyunshen/work/PROJECT/jdc/spider/ai-taobao-app/data/068d3077-93f4-4feb-9144-a2f49ffe8045/autoglm
