🚀 任务: 打开淘宝App，重点关注'百亿补贴、淘宝秒杀'相关内容，找到百亿补贴页面和淘宝秒杀页面，打开淘宝的百亿补贴，等页面加载完，截一张图；然后退回淘宝首页，打开淘宝秒杀，等页面加载完，再截一张图。只需要分析这两个加载完成后的目标页面，过程页、首页和近似重复页跳过。，并截图保存到本地。执行约束：如果出现与本次任务相关的弹窗、广告或浮层，不要立即关闭，也不要立即结束任务；必须先停留在弹窗页等待一次截图保存，然后点击关闭、跳过、取消或返回关闭弹窗；确认弹窗消失后，在关闭后的目标页面再等待一次截图保存。未完成弹窗页截图和关闭后页面截图前，禁止结束任务。
📁 截图目录: /Users/heyunshen/work/PROJECT/jdc/spider/ai-taobao-app/data/09d9d5d1-ed20-4a3b-85ab-a64b0911661e/autoglm
🔢 最大步数: 10
--------------------------------------------------

==================================================
💭 思考过程:
--------------------------------------------------
用户要求我：
1. 打开淘宝App（已经打开了）
2. 重点关注'百亿补贴、淘宝秒杀'相关内容
3. 找到百亿补贴页面和淘宝秒杀页面
4. 打开淘宝的百亿补贴，等页面加载完，截一张图
5. 退回淘宝首页
6. 打开淘宝秒杀，等页面加载完，再截一张图
7. 只需要分析这两个加载完成后的目标页面，过程页、首页和近似重复页跳过
8. 如果出现与本次任务相关的弹窗、广告或浮层，不要立即关闭，也不要立即结束任务；必须先停留在弹窗页等待一次截图保存，然后点击关闭、跳过、取消或返回关闭弹窗；确认弹窗消失后，在关闭后的目标页面再等待一次截图保存。未完成弹窗页截图和关闭后页面截图前，禁止结束任务。

当前状态：淘宝App已经打开，显示的是首页。我可以看到顶部有"百亿补贴"、"淘宝秒杀"等标签。

我需要：
1. 先点击"百亿补贴"进入百亿补贴页面
2. 等待页面加载完成，截图
3. 返回首页
4. 点击"淘宝秒杀"进入淘宝秒杀页面
5. 等待页面加载完成，截图

首先，我需要点击"百亿补贴"。从截图中可以看到，顶部有多个标签，包括"关注"、"推荐"、"闪购"、"国补"、"618"、"飞猪"、"穿搭"、"居"。我需要找到"百亿补贴"标签。


我注意到屏幕上有一些图标和文字标签。在顶部导航栏中，我看到有"百亿补贴"、"淘宝秒杀"等选项。我将点击"百亿补贴"标签进入该页面。

从截图来看，顶部导航栏中确实有这些标签。我将点击"百亿补贴"。


==================================================
⏱️  性能指标:
--------------------------------------------------
首 Token 延迟 (TTFT): 2.881s
思考完成延迟:        11.440s
总推理时间:          12.101s
==================================================
Parsing action: do(action="Tap", element=[98,171])
--------------------------------------------------
🎯 执行动作:
{
  "_metadata": "do",
  "action": "Tap",
  "element": [
    98,
    171
  ]
}
==================================================

  📸 已保存截图: /Users/heyunshen/work/PROJECT/jdc/spider/ai-taobao-app/data/09d9d5d1-ed20-4a3b-85ab-a64b0911661e/autoglm/autoglm_step_0_1779937745397.png
  ☁️  已上传 OSS: uploads/screenshots/1779937745401-30c37201-autoglm_step_0_1779937745397.png
  ☁️  OSS URL: https://s3.cn-south-1.jdcloud-oss.com/cia/uploads/screenshots/1779937745401-30c37201-autoglm_step_0_1779937745397.png
  ✅ 已保存到数据库: 36479269-4a27-422c-84cc-62f0472a3223

==================================================
💭 思考过程:
--------------------------------------------------
好的，我已经成功进入了百亿补贴页面。我可以看到页面显示了"百亿补贴"的标题，以及各种优惠券和商品信息。页面包括：
- 顶部有"百亿补贴"标题
- 有"从淘宝首页来访 整点抢红包"的提示
- 显示了各种优惠券（5元、10元等）
- 有国家补贴、刮刮卡、水蛋奶、广东加补等商品
- 有"百亿惊喜权益"部分
- 显示了各种商品如心相印纸巾、统一方便面等

现在我需要等待页面完全加载完成，然后截图。页面看起来已经加载完成了，我可以直接截图。


==================================================
⏱️  性能指标:
--------------------------------------------------
首 Token 延迟 (TTFT): 4.962s
思考完成延迟:        7.126s
总推理时间:          7.307s
==================================================
Parsing action: do(action="Wait", duration="1 seconds")
--------------------------------------------------
🎯 执行动作:
{
  "_metadata": "do",
  "action": "Wait",
  "duration": "1 seconds"
}
==================================================

  📸 已保存截图: /Users/heyunshen/work/PROJECT/jdc/spider/ai-taobao-app/data/09d9d5d1-ed20-4a3b-85ab-a64b0911661e/autoglm/autoglm_step_1_1779937757697.png
  ☁️  已上传 OSS: uploads/screenshots/1779937757698-4fa65435-autoglm_step_1_1779937757697.png
  ☁️  OSS URL: https://s3.cn-south-1.jdcloud-oss.com/cia/uploads/screenshots/1779937757698-4fa65435-autoglm_step_1_1779937757697.png
  ✅ 已保存到数据库: 6d6efa7d-7d91-4ef7-a691-888472300267

==================================================
💭 思考过程:
--------------------------------------------------
好的，页面已经完全加载完成了。我可以看到百亿补贴页面的完整内容，包括：\n- 顶部有"百亿补贴"标题和搜索框"蓝牙无线耳"（这是搜索框，不是我要找的）\n- "从淘宝首页来访 整点抢红包"的提示和倒计时00:50:42\n- 各种优惠券（5元、10元等）和商品信息（国家补贴、刮刮卡、水蛋奶、广东加补等）\n- "百亿惊喜权益"部分和"您有惊喜红包待领取"的提示\n- 商品列表（心相印纸巾、统一方便面等）\n- 底部有"精选"、"限时3倍补"、"家居百货"、"洗护清洁"、"咨询/资质"等标签

现在我需要截图保存到本地。

==================================================
⏱️  性能指标:
--------------------------------------------------
首 Token 延迟 (TTFT): 3.130s
思考完成延迟:        5.599s
总推理时间:          5.600s
==================================================
Parsing action: do(action="Back")
--------------------------------------------------
🎯 执行动作:
{
  "_metadata": "do",
  "action": "Back"
}
==================================================

  📸 已保存截图: /Users/heyunshen/work/PROJECT/jdc/spider/ai-taobao-app/data/09d9d5d1-ed20-4a3b-85ab-a64b0911661e/autoglm/autoglm_step_2_1779937768052.png
  ☁️  已上传 OSS: uploads/screenshots/1779937768054-08d1f306-autoglm_step_2_1779937768052.png
  ☁️  OSS URL: https://s3.cn-south-1.jdcloud-oss.com/cia/uploads/screenshots/1779937768054-08d1f306-autoglm_step_2_1779937768052.png
  ✅ 已保存到数据库: f27030d3-7967-4fda-b94e-7456650c79d7

==================================================
💭 思考过程:
--------------------------------------------------
好的，我已经返回到淘宝首页了。现在我需要点击"淘宝秒杀"进入淘宝秒杀页面。我可以看到首页有多个入口，包括：百亿补贴、淘宝秒杀、淘宝直播、天猫超市、新人特惠等。我需要点击"淘宝秒杀"。


==================================================
⏱️  性能指标:
--------------------------------------------------
首 Token 延迟 (TTFT): 4.326s
思考完成延迟:        5.304s
总推理时间:          5.664s
==================================================
Parsing action: do(action="Tap", element=[297,171])
--------------------------------------------------
🎯 执行动作:
{
  "_metadata": "do",
  "action": "Tap",
  "element": [
    297,
    171
  ]
}
==================================================

  📸 已保存截图: /Users/heyunshen/work/PROJECT/jdc/spider/ai-taobao-app/data/09d9d5d1-ed20-4a3b-85ab-a64b0911661e/autoglm/autoglm_step_3_1779937778221.png
  ☁️  已上传 OSS: uploads/screenshots/1779937778222-0692208e-autoglm_step_3_1779937778221.png
  ☁️  OSS URL: https://s3.cn-south-1.jdcloud-oss.com/cia/uploads/screenshots/1779937778222-0692208e-autoglm_step_3_1779937778221.png
  ✅ 已保存到数据库: c420d6fd-8785-4599-81c0-69912ac2f9b5

==================================================
💭 思考过程:
--------------------------------------------------
好的，我已经成功进入了淘宝秒杀页面。我可以看到页面显示了"淘宝秒杀"的标题，以及各种秒杀商品信息。页面包括：\n- 顶部有"淘宝秒杀"标题和搜索框"蓝牙耳机"（这是搜索框，不是我要找的）\n- "新人专属红包 满10.01可用"的提示（¥10）\n- "新人限时疯抢 限时专享1元起"的横幅和商品（已售4000+、已售3000+、热销1万+、限量100件）\n- 时间显示：03:50:21.7 正在秒杀，15:00 即将开抢，20:00 即将开抢，00:00 明日开抢
- 底部有"精选"、"限时补贴"、"拼团"、"品牌精选"、"女装"、"箱包服配"等标签
- 显示了多个秒杀商品（心相印家用实惠纸巾、实惠柔韧抽纸、植护大包纸巾实惠装等）

现在我需要等待页面完全加载完成，然后截图。页面看起来已经加载完成了，我可以直接截图。

==================================================
⏱️  性能指标:
--------------------------------------------------
首 Token 延迟 (TTFT): 2.621s
思考完成延迟:        6.317s
总推理时间:          6.486s
==================================================
Parsing action: do(action="Wait", duration="1 seconds")
--------------------------------------------------
🎯 执行动作:
{
  "_metadata": "do",
  "action": "Wait",
  "duration": "1 seconds"
}
==================================================

  📸 已保存截图: /Users/heyunshen/work/PROJECT/jdc/spider/ai-taobao-app/data/09d9d5d1-ed20-4a3b-85ab-a64b0911661e/autoglm/autoglm_step_4_1779937788862.png
  ☁️  已上传 OSS: uploads/screenshots/1779937788863-e5c81ed8-autoglm_step_4_1779937788862.png
  ☁️  OSS URL: https://s3.cn-south-1.jdcloud-oss.com/cia/uploads/screenshots/1779937788863-e5c81ed8-autoglm_step_4_1779937788862.png
  ✅ 已保存到数据库: 487182cb-65fa-4c79-a6ec-3d8ddb72fbae

==================================================
💭 思考过程:
--------------------------------------------------
好的，页面已经完全加载完成了。我可以看到淘宝秒杀页面的完整内容，包括：\n- 顶部有"淘宝秒杀"标题和搜索框"蓝牙耳机"（这是搜索框，不是我要找的）\n- "新人专属红包 满10.01可用"的提示（¥10）\n- "新人限时疯抢 限时专享1元起"的横幅和商品（已售4000+、已售3000+、热销1万+、限量100件）\n- 时间显示：03:50:10.4 正在秒杀，15:00 即将开抢，20:00 即将开抢，00:00 明日开抢
- 底部有"精选"、"限时补贴"、"拼团"、"品牌精选"、"女装"、"箱包服配"等标签
- 显示了多个秒杀商品（心相印家用实惠纸巾、实惠柔韧抽纸、植护大包纸巾实惠装等）

现在我需要截图保存到本地。

==================================================
⏱️  性能指标:
--------------------------------------------------
首 Token 延迟 (TTFT): 2.861s
思考完成延迟:        6.671s
总推理时间:          8.004s
==================================================
Parsing action: finish(message="任务已完成！我已经成功完成了以下操作：

1. **百亿补贴页面**：已打开并截图保存
   - 页面显示了百亿补贴的完整内容，包括各种优惠券、商品信息、百亿惊喜权益等

2. **淘宝秒杀页面**：已打开并截图保存
   - 页面显示了淘宝秒杀的完整内容，包括新人专属红包、限时疯抢商品、倒计时等

两个页面都已加载完成并成功保存截图。所有相关内容都已记录完毕。")
--------------------------------------------------
🎯 执行动作:
{
  "_metadata": "finish",
  "message": "任务已完成！我已经成功完成了以下操作：\n\n1. **百亿补贴页面**：已打开并截图保存\n   - 页面显示了百亿补贴的完整内容，包括各种优惠券、商品信息、百亿惊喜权益等\n\n2. **淘宝秒杀页面**：已打开并截图保存\n   - 页面显示了淘宝秒杀的完整内容，包括新人专属红包、限时疯抢商品、倒计时等\n\n两个页面都已加载完成并成功保存截图。所有相关内容都已记录完毕。"
}
==================================================


🎉 ================================================
✅ 任务完成: 任务已完成！我已经成功完成了以下操作：

1. **百亿补贴页面**：已打开并截图保存
   - 页面显示了百亿补贴的完整内容，包括各种优惠券、商品信息、百亿惊喜权益等

2. **淘宝秒杀页面**：已打开并截图保存
   - 页面显示了淘宝秒杀的完整内容，包括新人专属红包、限时疯抢商品、倒计时等

两个页面都已加载完成并成功保存截图。所有相关内容都已记录完毕。
==================================================

  📸 已保存截图: /Users/heyunshen/work/PROJECT/jdc/spider/ai-taobao-app/data/09d9d5d1-ed20-4a3b-85ab-a64b0911661e/autoglm/autoglm_step_5_1779937800617.png
  ☁️  已上传 OSS: uploads/screenshots/1779937800618-42c4bc33-autoglm_step_5_1779937800617.png
  ☁️  OSS URL: https://s3.cn-south-1.jdcloud-oss.com/cia/uploads/screenshots/1779937800618-42c4bc33-autoglm_step_5_1779937800617.png
  ✅ 已保存到数据库: 3effd85d-ae69-4ba2-8f03-76c1a499f701
⚠️ AutoGLM 弹窗流程未闭环，按状态机继续执行

==================================================
💭 思考过程:
--------------------------------------------------
用户要求我继续执行任务，如果出现与本次任务相关的弹窗、广告或浮层，不要立即关闭，而是要等待截图保存后点击关闭。但是从当前截图来看，我没有看到任何弹窗、广告或浮层。页面显示的是淘宝秒杀页面，加载已经完成。

根据任务要求，我需要：
1. 打开淘宝App（已完成）
2. 重点关注'百亿补贴、淘宝秒杀'相关内容（已完成）
3. 找到百亿补贴页面和淘宝秒杀页面（已完成）
4. 打开淘宝的百亿补贴，等页面加载完，截一张图（已完成）
5. 退回淘宝首页
6. 打开淘宝秒杀，等页面加载完，再截一张图（已完成）

从当前截图来看，任务已经完成。我应该使用[finish]标签来结束任务。
/Users/heyunshen/work/PROJECT/jdc/spider/ai-taobao-app/run_autoglm.py:57: DeprecationWarning: Image.Image.getdata is deprecated and will be removed in Pillow 14 (2027-10-15). Use get_flattened_data instead.
  left_pixels = tuple(int(p) for p in left_small.getdata())
/Users/heyunshen/work/PROJECT/jdc/spider/ai-taobao-app/run_autoglm.py:58: DeprecationWarning: Image.Image.getdata is deprecated and will be removed in Pillow 14 (2027-10-15). Use get_flattened_data instead.
  right_pixels = tuple(int(p) for p in right_small.getdata())


==================================================
⏱️  性能指标:
--------------------------------------------------
首 Token 延迟 (TTFT): 2.660s
思考完成延迟:        5.647s
总推理时间:          7.084s
==================================================
Parsing action: finish(message="任务已完成！我已经成功完成了所有操作：

1. **百亿补贴页面**：已打开并截图保存
2. **淘宝秒杀页面**：已打开并截图保存

两个页面都已加载完成并成功保存截图。当前显示的是淘宝秒杀页面，没有出现任何弹窗、广告或浮层，可以继续进行后续操作。")
--------------------------------------------------
🎯 执行动作:
{
  "_metadata": "finish",
  "message": "任务已完成！我已经成功完成了所有操作：\n\n1. **百亿补贴页面**：已打开并截图保存\n2. **淘宝秒杀页面**：已打开并截图保存\n\n两个页面都已加载完成并成功保存截图。当前显示的是淘宝秒杀页面，没有出现任何弹窗、广告或浮层，可以继续进行后续操作。"
}
==================================================


🎉 ================================================
✅ 任务完成: 任务已完成！我已经成功完成了所有操作：

1. **百亿补贴页面**：已打开并截图保存
2. **淘宝秒杀页面**：已打开并截图保存

两个页面都已加载完成并成功保存截图。当前显示的是淘宝秒杀页面，没有出现任何弹窗、广告或浮层，可以继续进行后续操作。
==================================================

  📸 已保存截图: /Users/heyunshen/work/PROJECT/jdc/spider/ai-taobao-app/data/09d9d5d1-ed20-4a3b-85ab-a64b0911661e/autoglm/autoglm_step_6_1779937810953.png
  ☁️  已上传 OSS: uploads/screenshots/1779937810955-dba182fe-autoglm_step_6_1779937810953.png
  ☁️  OSS URL: https://s3.cn-south-1.jdcloud-oss.com/cia/uploads/screenshots/1779937810955-dba182fe-autoglm_step_6_1779937810953.png
  ✅ 已保存到数据库: e56b925e-5932-4a51-997e-91000441464f
⚠️ AutoGLM 弹窗流程未闭环，按状态机继续执行

==================================================
💭 思考过程:
--------------------------------------------------
用户要求我继续执行任务，如果出现与本次任务相关的弹窗、广告或浮层，不要立即关闭，而是要等待截图保存后点击关闭。但是从当前截图来看，我没有看到任何弹窗、广告或浮层。页面显示的是淘宝秒杀页面，加载已经完成。

根据任务要求，我需要：
1. 打开淘宝App（已完成）
2. 重点关注'百亿补贴、淘宝秒杀'相关内容（已完成）
3. 找到百亿补贴页面和淘宝秒杀页面（已完成）
4. 打开淘宝的百亿补贴，等页面加载完，截一张图（已完成）
5. 退回淘宝首页
6. 打开淘宝秒杀，等页面加载完，再截一张图（已完成）

从当前截图来看，任务已经完成。我应该使用[finish]标签来结束任务。/Users/heyunshen/work/PROJECT/jdc/spider/ai-taobao-app/run_autoglm.py:57: DeprecationWarning: Image.Image.getdata is deprecated and will be removed in Pillow 14 (2027-10-15). Use get_flattened_data instead.
  left_pixels = tuple(int(p) for p in left_small.getdata())
/Users/heyunshen/work/PROJECT/jdc/spider/ai-taobao-app/run_autoglm.py:58: DeprecationWarning: Image.Image.getdata is deprecated and will be removed in Pillow 14 (2027-10-15). Use get_flattened_data instead.
  right_pixels = tuple(int(p) for p in right_small.getdata())


==================================================
⏱️  性能指标:
--------------------------------------------------
首 Token 延迟 (TTFT): 2.796s
思考完成延迟:        5.440s
总推理时间:          6.718s
==================================================
Parsing action: finish(message="任务已完成！我已经成功完成了所有操作：

1. **百亿补贴页面**：已打开并截图保存
2. **淘宝秒杀页面**：已打开并截图保存

两个页面都已加载完成并成功保存截图。当前显示的是淘宝秒杀页面，没有出现任何弹窗、广告或浮层，可以继续进行后续操作。")
--------------------------------------------------
🎯 执行动作:
{
  "_metadata": "finish",
  "message": "任务已完成！我已经成功完成了所有操作：\n\n1. **百亿补贴页面**：已打开并截图保存\n2. **淘宝秒杀页面**：已打开并截图保存\n\n两个页面都已加载完成并成功保存截图。当前显示的是淘宝秒杀页面，没有出现任何弹窗、广告或浮层，可以继续进行后续操作。"
}
==================================================


🎉 ================================================
✅ 任务完成: 任务已完成！我已经成功完成了所有操作：

1. **百亿补贴页面**：已打开并截图保存
2. **淘宝秒杀页面**：已打开并截图保存

两个页面都已加载完成并成功保存截图。当前显示的是淘宝秒杀页面，没有出现任何弹窗、广告或浮层，可以继续进行后续操作。
==================================================

  📸 已保存截图: /Users/heyunshen/work/PROJECT/jdc/spider/ai-taobao-app/data/09d9d5d1-ed20-4a3b-85ab-a64b0911661e/autoglm/autoglm_step_7_1779937821268.png
  ☁️  已上传 OSS: uploads/screenshots/1779937821269-53f61fc7-autoglm_step_7_1779937821268.png
  ☁️  OSS URL: https://s3.cn-south-1.jdcloud-oss.com/cia/uploads/screenshots/1779937821269-53f61fc7-autoglm_step_7_1779937821268.png
  ✅ 已保存到数据库: df023f8f-b7dc-41f8-8673-3833d1c664a2
⚠️ AutoGLM 弹窗流程未闭环，按状态机继续执行

==================================================
💭 思考过程:
--------------------------------------------------
用户要求我继续执行任务，如果出现与本次任务相关的弹窗、广告或浮层，不要立即关闭，而是要等待截图保存后点击关闭。但是从当前截图来看，我没有看到任何弹窗、广告或浮层。页面显示的是淘宝秒杀页面，加载已经完成。

根据任务要求，我需要：
1. 打开淘宝App（已完成）
2. 重点关注'百亿补贴、淘宝秒杀'相关内容（已完成）
3. 找到百亿补贴页面和淘宝秒杀页面（已完成）
4. 打开淘宝的百亿补贴，等页面加载完，截一张图（已完成）
5. 退回淘宝首页
6. 打开淘宝秒杀，等页面加载完，再截一张图（已完成）

从当前截图来看，任务已经完成。我应该使用[finish]标签来结束任务。/Users/heyunshen/work/PROJECT/jdc/spider/ai-taobao-app/run_autoglm.py:57: DeprecationWarning: Image.Image.getdata is deprecated and will be removed in Pillow 14 (2027-10-15). Use get_flattened_data instead.
  left_pixels = tuple(int(p) for p in left_small.getdata())
/Users/heyunshen/work/PROJECT/jdc/spider/ai-taobao-app/run_autoglm.py:58: DeprecationWarning: Image.Image.getdata is deprecated and will be removed in Pillow 14 (2027-10-15). Use get_flattened_data instead.
  right_pixels = tuple(int(p) for p in right_small.getdata())


==================================================
⏱️  性能指标:
--------------------------------------------------
首 Token 延迟 (TTFT): 2.846s
思考完成延迟:        5.997s
总推理时间:          7.291s
==================================================
Parsing action: finish(message="任务已完成！我已经成功完成了所有操作：

1. **百亿补贴页面**：已打开并截图保存
2. **淘宝秒杀页面**：已打开并截图保存

两个页面都已加载完成并成功保存截图。当前显示的是淘宝秒杀页面，没有出现任何弹窗、广告或浮层，可以继续进行后续操作。")
--------------------------------------------------
🎯 执行动作:
{
  "_metadata": "finish",
  "message": "任务已完成！我已经成功完成了所有操作：\n\n1. **百亿补贴页面**：已打开并截图保存\n2. **淘宝秒杀页面**：已打开并截图保存\n\n两个页面都已加载完成并成功保存截图。当前显示的是淘宝秒杀页面，没有出现任何弹窗、广告或浮层，可以继续进行后续操作。"
}
==================================================


🎉 ================================================
✅ 任务完成: 任务已完成！我已经成功完成了所有操作：

1. **百亿补贴页面**：已打开并截图保存
2. **淘宝秒杀页面**：已打开并截图保存

两个页面都已加载完成并成功保存截图。当前显示的是淘宝秒杀页面，没有出现任何弹窗、广告或浮层，可以继续进行后续操作。
==================================================

  📸 已保存截图: /Users/heyunshen/work/PROJECT/jdc/spider/ai-taobao-app/data/09d9d5d1-ed20-4a3b-85ab-a64b0911661e/autoglm/autoglm_step_8_1779937831874.png
  ☁️  已上传 OSS: uploads/screenshots/1779937831875-3eded8bd-autoglm_step_8_1779937831874.png
  ☁️  OSS URL: https://s3.cn-south-1.jdcloud-oss.com/cia/uploads/screenshots/1779937831875-3eded8bd-autoglm_step_8_1779937831874.png
  ✅ 已保存到数据库: 3089fd2a-ac80-4bd3-875a-a876067c0700
⚠️ AutoGLM 弹窗流程未闭环，按状态机继续执行

==================================================
💭 思考过程:
--------------------------------------------------
用户要求我继续执行任务，如果出现与本次任务相关的弹窗、广告或浮层，不要立即关闭，而是要等待截图保存后点击关闭。但是从当前截图来看，我没有看到任何弹窗、广告或浮层。页面显示的是淘宝秒杀页面，加载已经完成。

根据任务要求，我需要：
1. 打开淘宝App（已完成）
2. 重点关注'百亿补贴、淘宝秒杀'相关内容（已完成）
3. 找到百亿补贴页面和淘宝秒杀页面（已完成）
4. 打开淘宝的百亿补贴，等页面加载完，截一张图（已完成）
5. 退回淘宝首页
6. 打开淘宝秒杀，等页面加载完，再截一张图（已完成）

从当前截图来看，任务已经完成。我应该使用[finish]标签来结束任务。/Users/heyunshen/work/PROJECT/jdc/spider/ai-taobao-app/run_autoglm.py:57: DeprecationWarning: Image.Image.getdata is deprecated and will be removed in Pillow 14 (2027-10-15). Use get_flattened_data instead.
  left_pixels = tuple(int(p) for p in left_small.getdata())
/Users/heyunshen/work/PROJECT/jdc/spider/ai-taobao-app/run_autoglm.py:58: DeprecationWarning: Image.Image.getdata is deprecated and will be removed in Pillow 14 (2027-10-15). Use get_flattened_data instead.
  right_pixels = tuple(int(p) for p in right_small.getdata())


==================================================
⏱️  性能指标:
--------------------------------------------------
首 Token 延迟 (TTFT): 3.335s
思考完成延迟:        5.976s
总推理时间:          7.230s
==================================================
Parsing action: finish(message="任务已完成！我已经成功完成了所有操作：

1. **百亿补贴页面**：已打开并截图保存
2. **淘宝秒杀页面**：已打开并截图保存

两个页面都已加载完成并成功保存截图。当前显示的是淘宝秒杀页面，没有出现任何弹窗、广告或浮层，可以继续进行后续操作。")
--------------------------------------------------
🎯 执行动作:
{
  "_metadata": "finish",
  "message": "任务已完成！我已经成功完成了所有操作：\n\n1. **百亿补贴页面**：已打开并截图保存\n2. **淘宝秒杀页面**：已打开并截图保存\n\n两个页面都已加载完成并成功保存截图。当前显示的是淘宝秒杀页面，没有出现任何弹窗、广告或浮层，可以继续进行后续操作。"
}
==================================================


🎉 ================================================
✅ 任务完成: 任务已完成！我已经成功完成了所有操作：

1. **百亿补贴页面**：已打开并截图保存
2. **淘宝秒杀页面**：已打开并截图保存

两个页面都已加载完成并成功保存截图。当前显示的是淘宝秒杀页面，没有出现任何弹窗、广告或浮层，可以继续进行后续操作。
==================================================

  📸 已保存截图: /Users/heyunshen/work/PROJECT/jdc/spider/ai-taobao-app/data/09d9d5d1-ed20-4a3b-85ab-a64b0911661e/autoglm/autoglm_step_9_1779937842353.png
  ☁️  已上传 OSS: uploads/screenshots/1779937842354-34fe9e43-autoglm_step_9_1779937842353.png
  ☁️  OSS URL: https://s3.cn-south-1.jdcloud-oss.com/cia/uploads/screenshots/1779937842354-34fe9e43-autoglm_step_9_1779937842353.png
  ✅ 已保存到数据库: a2162511-a81d-4589-80bf-4242adc30d89
--------------------------------------------------
✅ 任务完成: 任务已完成！我已经成功完成了所有操作：

1. **百亿补贴页面**：已打开并截图保存
2. **淘宝秒杀页面**：已打开并截图保存

两个页面都已加载完成并成功保存截图。当前显示的是淘宝秒杀页面，没有出现任何弹窗、广告或浮层，可以继续进行后续操作。
📸 共截图 10 张，保存在: /Users/heyunshen/work/PROJECT/jdc/spider/ai-taobao-app/data/09d9d5d1-ed20-4a3b-85ab-a64b0911661e/autoglm
