🚀 任务: 打开淘宝App，重点关注'淘宝秒杀、弹窗'相关内容，找到淘宝秒杀弹窗和关闭后的淘宝秒杀页面，如果出现弹窗，先截图弹窗页；关闭弹窗后只截图发生明显切换后的淘宝秒杀目标页面。近似重复页面不需要分析。，并截图保存到本地。执行约束：如果出现与本次任务相关的弹窗、广告或浮层，不要立即关闭，也不要立即结束任务；必须先停留在弹窗页等待一次截图保存，然后点击关闭、跳过、取消或返回关闭弹窗；确认弹窗消失后，在关闭后的目标页面再等待一次截图保存。未完成弹窗页截图和关闭后页面截图前，禁止结束任务。
📁 截图目录: /Users/heyunshen/work/PROJECT/jdc/spider/ai-taobao-app/data/ca6e0231-1a15-4b7d-9891-96cdb98581f1/autoglm
🔢 最大步数: 10
--------------------------------------------------

==================================================
💭 思考过程:
--------------------------------------------------
用户要求我打开淘宝App，并关注"淘宝秒杀、弹窗"相关内容。具体要求是：
1. 找到淘宝秒杀弹窗和关闭后的淘宝秒杀页面
2. 如果出现弹窗，先截图弹窗页
3. 关闭弹窗后只截图发生明显切换后的淘宝秒杀目标页面
4. 近似重复页面不需要分析
5. 并截图保存到本地
6. 执行约束：如果出现与本次任务相关的弹窗、广告或浮层，不要立即关闭，也不要立即结束任务；必须先停留在弹窗页等待一次截图保存，然后点击关闭、跳过、取消或返回关闭弹窗；确认弹窗消失后，在关闭后的目标页面再等待一次截图保存。未完成弹窗页截图和关闭后页面截图前，禁止结束任务。

当前已经在淘宝App中了（从系统提示可以看到"当前app: 淘宝"），屏幕显示的是淘宝的秒杀页面。我可以看到：
- 顶部有搜索框"智能手表"
- 有"搜低价"按钮
- 显示"04:06:23.8 正在秒杀"
- 有多个商品展示，包括纸巾、牛奶等商品
- 有"抢"按钮

这看起来已经是淘宝秒杀页面了。

我注意到屏幕右下角有一个红色数字角标，可能是某个商品或活动的提示。这个细节可能暗示着一些重要信息。

根据用户的要求，我需要仔细观察页面上的所有元素。我将专注于寻找可能的弹窗或广告，并准备在出现时按照指定的流程处理。

目前页面显示正常，没有明显的浮层或广告遮挡。我将保持耐心，等待可能的交互机会。

接下来，我会尝试点击一个商品，看看是否能触发新的界面或弹出窗口。


==================================================
⏱️  性能指标:
--------------------------------------------------
首 Token 延迟 (TTFT): 4.303s
思考完成延迟:        10.327s
总推理时间:          10.860s
==================================================
Parsing action: do(action="Tap", element=[499,288])
--------------------------------------------------
🎯 执行动作:
{
  "_metadata": "do",
  "action": "Tap",
  "element": [
    499,
    288
  ]
}
==================================================

  📸 已保存截图: /Users/heyunshen/work/PROJECT/jdc/spider/ai-taobao-app/data/ca6e0231-1a15-4b7d-9891-96cdb98581f1/autoglm/autoglm_step_0_1779936831824.png
  ☁️  已上传 OSS: uploads/screenshots/1779936831828-e9b3a6cc-autoglm_step_0_1779936831824.png
  ☁️  OSS URL: https://s3.cn-south-1.jdcloud-oss.com/cia/uploads/screenshots/1779936831828-e9b3a6cc-autoglm_step_0_1779936831824.png
  ✅ 已保存到数据库: da54c97c-8bdd-4d51-b6a5-462ee3945075

==================================================
💭 思考过程:
--------------------------------------------------
好的，点击后进入了一个商品详情页面。这是一个纸巾产品，显示：
- "618抢先购·淘宝秒杀"
- 秒杀价¥9.9起
- 补贴优惠共减¥10.06
- 直降10.06元
- 商品名称：心相印纸巾抽纸茶语330张大包加厚餐巾纸家用实惠卫生纸面巾纸抽
- 回头客218人
- 15天价保
- 店铺一年回头客20万

这个页面没有弹窗，是正常的商品详情页。我需要返回到秒杀页面继续查找弹窗。


==================================================
⏱️  性能指标:
--------------------------------------------------
首 Token 延迟 (TTFT): 3.544s
思考完成延迟:        8.225s
总推理时间:          8.462s
==================================================
Parsing action: do(action="Back")
--------------------------------------------------
🎯 执行动作:
{
  "_metadata": "do",
  "action": "Back"
}
==================================================

  📸 已保存截图: /Users/heyunshen/work/PROJECT/jdc/spider/ai-taobao-app/data/ca6e0231-1a15-4b7d-9891-96cdb98581f1/autoglm/autoglm_step_1_1779936846042.png
  ☁️  已上传 OSS: uploads/screenshots/1779936846044-ea9c1014-autoglm_step_1_1779936846042.png
  ☁️  OSS URL: https://s3.cn-south-1.jdcloud-oss.com/cia/uploads/screenshots/1779936846044-ea9c1014-autoglm_step_1_1779936846042.png
  ✅ 已保存到数据库: 531aff45-bdfb-40e0-b41c-92e66c1084af

==================================================
💭 思考过程:
--------------------------------------------------
好的，返回到了秒杀页面。我注意到屏幕右下角有一个红色角标的按钮，显示"¥10"和"13:15:07"，这看起来像是一个红包或优惠券的角标。让我点击这个按钮看看是否会出现弹窗。

==================================================
⏱️  性能指标:
--------------------------------------------------
首 Token 延迟 (TTFT): 2.961s
思考完成延迟:        3.855s
总推理时间:          4.231s
==================================================
Parsing action: do(action="Tap", element=[930,807])
--------------------------------------------------
🎯 执行动作:
{
  "_metadata": "do",
  "action": "Tap",
  "element": [
    930,
    807
  ]
}
==================================================

  📸 已保存截图: /Users/heyunshen/work/PROJECT/jdc/spider/ai-taobao-app/data/ca6e0231-1a15-4b7d-9891-96cdb98581f1/autoglm/autoglm_step_2_1779936855056.png
  ☁️  已上传 OSS: uploads/screenshots/1779936855058-d298e432-autoglm_step_2_1779936855056.png
  ☁️  OSS URL: https://s3.cn-south-1.jdcloud-oss.com/cia/uploads/screenshots/1779936855058-d298e432-autoglm_step_2_1779936855056.png
  ✅ 已保存到数据库: 9a129319-8b4a-49cf-806e-ad06b66535d8

==================================================
💭 思考过程:
--------------------------------------------------
点击后进入了另一个商品详情页，这是"洁柔24包抽纸餐巾纸整箱家用抽取式婴儿挂抽式厕纸学生卫生纸m"。页面显示：
- "618抢先购·淘宝秒杀"
- 秒杀价¥8.8起
- 补贴优惠共减¥5.19
- 已售2万+
- 限时补贴5.19元

这个页面也没有弹窗，是正常的商品详情页。我需要返回到秒杀页面继续查找弹窗。


==================================================
⏱️  性能指标:
--------------------------------------------------
首 Token 延迟 (TTFT): 3.548s
思考完成延迟:        6.524s
总推理时间:          6.641s
==================================================
Parsing action: do(action="Back")
--------------------------------------------------
🎯 执行动作:
{
  "_metadata": "do",
  "action": "Back"
}
==================================================

  📸 已保存截图: /Users/heyunshen/work/PROJECT/jdc/spider/ai-taobao-app/data/ca6e0231-1a15-4b7d-9891-96cdb98581f1/autoglm/autoglm_step_3_1779936866186.png
  ☁️  已上传 OSS: uploads/screenshots/1779936866187-8c2812f1-autoglm_step_3_1779936866186.png
  ☁️  OSS URL: https://s3.cn-south-1.jdcloud-oss.com/cia/uploads/screenshots/1779936866187-8c2812f1-autoglm_step_3_1779936866186.png
  ✅ 已保存到数据库: e646f525-9f2d-4edf-bc56-c28005dd27ab

==================================================
💭 思考过程:
--------------------------------------------------
好的，返回到了秒杀页面。我看到屏幕上方有一个横幅提示："弘***获得了1.5元红包，邀请您参与..."，这看起来像是一个弹窗或通知。让我点击这个横幅看看是否会打开一个页面。


==================================================
⏱️  性能指标:
--------------------------------------------------
首 Token 延迟 (TTFT): 3.018s
思考完成延迟:        3.796s
总推理时间:          4.221s
==================================================
Parsing action: do(action="Tap", element=[499,204])
--------------------------------------------------
🎯 执行动作:
{
  "_metadata": "do",
  "action": "Tap",
  "element": [
    499,
    204
  ]
}
==================================================

  📸 已保存截图: /Users/heyunshen/work/PROJECT/jdc/spider/ai-taobao-app/data/ca6e0231-1a15-4b7d-9891-96cdb98581f1/autoglm/autoglm_step_4_1779936874600.png
  ☁️  已上传 OSS: uploads/screenshots/1779936874601-82fd6719-autoglm_step_4_1779936874600.png
  ☁️  OSS URL: https://s3.cn-south-1.jdcloud-oss.com/cia/uploads/screenshots/1779936874601-82fd6719-autoglm_step_4_1779936874600.png
  ✅ 已保存到数据库: 5c3e29bf-2146-4d74-be14-81f29745d7ce

==================================================
💭 思考过程:
--------------------------------------------------
点击后，页面发生了变化，现在显示的是"限时补贴"标签页，显示了多个商品：
- 洁柔抽纸整箱湿水不破
- 立白生姜洗洁精
- 东鹏特饮提神能量饮料
- 加厚手提垃圾袋黑色大号
- 金洋泰加厚防水纸杯
- 漫花大包悬挂式抽纸巾

这个页面没有弹窗，是正常的标签切换。我需要返回到秒杀主页面继续查找弹窗。

==================================================
⏱️  性能指标:
--------------------------------------------------
首 Token 延迟 (TTFT): 2.639s
思考完成延迟:        4.218s
总推理时间:          4.288s
==================================================
Parsing action: do(action="Back")
--------------------------------------------------
🎯 执行动作:
{
  "_metadata": "do",
  "action": "Back"
}
==================================================

  📸 已保存截图: /Users/heyunshen/work/PROJECT/jdc/spider/ai-taobao-app/data/ca6e0231-1a15-4b7d-9891-96cdb98581f1/autoglm/autoglm_step_5_1779936882765.png
  ☁️  已上传 OSS: uploads/screenshots/1779936882766-59dc58a7-autoglm_step_5_1779936882765.png
  ☁️  OSS URL: https://s3.cn-south-1.jdcloud-oss.com/cia/uploads/screenshots/1779936882766-59dc58a7-autoglm_step_5_1779936882765.png
  ✅ 已保存到数据库: 3bc2c0ff-485e-4aa6-9aca-6b9895e4a1b8

==================================================
💭 思考过程:
--------------------------------------------------
好的，返回到了淘宝首页。我可以看到：
- 顶部有搜索框"蓝牙耳机"
- 有各种功能入口：百亿补贴、淘宝秒杀、淘宝直播、天猫超市、新人特惠等
- 有红包活动
- 底部有"2张共30元消费券待使用,剩2天13小时"的提示

我需要点击"淘宝秒杀"入口重新进入秒杀页面。

==================================================
⏱️  性能指标:
--------------------------------------------------
首 Token 延迟 (TTFT): 3.068s
思考完成延迟:        4.369s
总推理时间:          4.837s
==================================================
Parsing action: do(action="Tap", element=[301,170])
--------------------------------------------------
🎯 执行动作:
{
  "_metadata": "do",
  "action": "Tap",
  "element": [
    301,
    170
  ]
}
==================================================

  📸 已保存截图: /Users/heyunshen/work/PROJECT/jdc/spider/ai-taobao-app/data/ca6e0231-1a15-4b7d-9891-96cdb98581f1/autoglm/autoglm_step_6_1779936892139.png
  ☁️  已上传 OSS: uploads/screenshots/1779936892140-e27c3810-autoglm_step_6_1779936892139.png
  ☁️  OSS URL: https://s3.cn-south-1.jdcloud-oss.com/cia/uploads/screenshots/1779936892140-e27c3810-autoglm_step_6_1779936892139.png
  ✅ 已保存到数据库: dff90085-c9f0-4da8-8a70-658a387ea5ba

==================================================
💭 思考过程:
--------------------------------------------------
好的，重新进入了淘宝秒杀页面。我可以看到：
- 顶部有"淘宝秒杀"标题
- 有搜索框"维达抽纸"
- 有新人专属红包¥10
- 显示"新人限时疯抢 限时专享1元起"
- 有多个商品展示，包括纸巾等
- 显示"04:05:07.8 正在秒杀"

这个页面没有明显的弹窗。让我向下滚动看看是否有更多内容或弹窗。

==================================================
⏱️  性能指标:
--------------------------------------------------
首 Token 延迟 (TTFT): 2.976s
思考完成延迟:        4.578s
总推理时间:          4.902s
==================================================
Parsing action: do(action="Swipe", start=[499,790], end=[499,350])
--------------------------------------------------
🎯 执行动作:
{
  "_metadata": "do",
  "action": "Swipe",
  "start": [
    499,
    790
  ],
  "end": [
    499,
    350
  ]
}
==================================================

  📸 已保存截图: /Users/heyunshen/work/PROJECT/jdc/spider/ai-taobao-app/data/ca6e0231-1a15-4b7d-9891-96cdb98581f1/autoglm/autoglm_step_7_1779936902009.png
  ☁️  已上传 OSS: uploads/screenshots/1779936902010-80328b23-autoglm_step_7_1779936902009.png
  ☁️  OSS URL: https://s3.cn-south-1.jdcloud-oss.com/cia/uploads/screenshots/1779936902010-80328b23-autoglm_step_7_1779936902009.png
  ✅ 已保存到数据库: 2d12fbe1-99f7-4656-9fcd-062156321f24

==================================================
💭 思考过程:
--------------------------------------------------
滚动后，页面显示了更多商品：
- 加厚家用抽纸
- 蓝猫原木浆印花卷筒纸
- 加厚柔韧抽纸
- 心相印加厚抽纸
- 维达可湿水纸巾家用抽纸

右下角仍然有红色角标按钮，显示"¥10"和"13:14:11"。让我继续向下滚动看看是否有更多内容或弹窗。

==================================================
⏱️  性能指标:
--------------------------------------------------
首 Token 延迟 (TTFT): 4.869s
思考完成延迟:        6.165s
总推理时间:          6.493s
==================================================
Parsing action: do(action="Swipe", start=[499,790], end=[499,350])
--------------------------------------------------
🎯 执行动作:
{
  "_metadata": "do",
  "action": "Swipe",
  "start": [
    499,
    790
  ],
  "end": [
    499,
    350
  ]
}
==================================================

  📸 已保存截图: /Users/heyunshen/work/PROJECT/jdc/spider/ai-taobao-app/data/ca6e0231-1a15-4b7d-9891-96cdb98581f1/autoglm/autoglm_step_8_1779936913503.png
  ☁️  已上传 OSS: uploads/screenshots/1779936913504-ebef63a0-autoglm_step_8_1779936913503.png
  ☁️  OSS URL: https://s3.cn-south-1.jdcloud-oss.com/cia/uploads/screenshots/1779936913504-ebef63a0-autoglm_step_8_1779936913503.png
  ✅ 已保存到数据库: d9c2ec20-fa4e-4889-bd35-721dda74145e

==================================================
💭 思考过程:
--------------------------------------------------
继续滚动后，页面显示了更多商品：
- 心相印抽纸（直降2.91元）
- 心相印加厚抽纸（直降10元）
- 维达可湿水纸巾家用抽纸（直降3.2元）
- 特仑苏牛奶（6折起）
- 加厚家用抽纸（直降17元）

右下角仍然有红色角标按钮，显示"¥10"和"13:14:00"。让我继续向下滚动看看是否有更多内容或弹窗。

==================================================
⏱️  性能指标:
--------------------------------------------------
首 Token 延迟 (TTFT): 3.979s
思考完成延迟:        5.540s
总推理时间:          5.798s
==================================================
Parsing action: do(action="Swipe", start=[499,790], end=[499,350])
--------------------------------------------------
🎯 执行动作:
{
  "_metadata": "do",
  "action": "Swipe",
  "start": [
    499,
    790
  ],
  "end": [
    499,
    350
  ]
}
==================================================

  📸 已保存截图: /Users/heyunshen/work/PROJECT/jdc/spider/ai-taobao-app/data/ca6e0231-1a15-4b7d-9891-96cdb98581f1/autoglm/autoglm_step_9_1779936924706.png
  ☁️  已上传 OSS: uploads/screenshots/1779936924706-d5119d84-autoglm_step_9_1779936924706.png
  ☁️  OSS URL: https://s3.cn-south-1.jdcloud-oss.com/cia/uploads/screenshots/1779936924706-d5119d84-autoglm_step_9_1779936924706.png
  ✅ 已保存到数据库: 440dccf2-4f75-4c4c-ad6d-104ae22b5282
--------------------------------------------------
✅ 任务完成: done
📸 共截图 10 张，保存在: /Users/heyunshen/work/PROJECT/jdc/spider/ai-taobao-app/data/ca6e0231-1a15-4b7d-9891-96cdb98581f1/autoglm
