🚀 任务: 打开拼多多App，进入拼多多首页，确认已到达首页后，在首页找到并点击“限时秒杀”入口，进入拼多多限时秒杀页面，到达目标页面后停留并结束任务。目标页面顺序：1. 拼多多首页（判定条件：拼多多首页）；2. 拼多多限时秒杀（判定条件：拼多多限时秒杀）（可接受终态：独立会场/频道页，或当前页面中完整露出与目标等价的业务模块；若已看到模块标题、多个商品/权益和核心利益点，停留结束，不要继续点击“更多”；单个入口按钮不算）。必须按顺序逐页完成；当前页面只满足后续目标时，不算完成前序目标；不要把“从首页来访”等来源文案当作首页已完成证据。到达最后一个目标页面后停留并结束任务。。执行约束：到达目标页面后停留并结束任务。不要打开与目标无关的应用，不要继续探索无关页面。
📁 截图目录: /Users/heyunshen/work/PROJECT/jdc/ai-spider-app/worker_runs/ee1da5b9-126d-40c9-bcf8-225c5dab5c32/81f35539-365b-4844-a5fb-ccdaa20d8ae9
📱 设备: 4dcc2a4b
🔢 最大步数: 10
--------------------------------------------------

==================================================
💭 思考过程:
--------------------------------------------------
用户要求我：
1. 打开拼多多App
2. 进入拼多多首页
3. 确认已到达首页后，在首页找到并点击"限时秒杀"入口
4. 进入拼多多限时秒杀页面
5. 到达目标页面后停留并结束任务

当前状态：在系统桌面

首先，我需要打开拼多多App。根据允许的应用列表，拼多多是允许的应用之一。

我应该使用Launch action来打开拼多多。


==================================================
⏱️  性能指标:
--------------------------------------------------
首 Token 延迟 (TTFT): 7.932s
思考完成延迟:        13.304s
总推理时间:          13.888s
==================================================
Parsing action: do(action="Launch", app="拼多多")
--------------------------------------------------
🎯 执行动作:
{
  "_metadata": "do",
  "action": "Launch",
  "app": "拼多多"
}
==================================================

  📸 已保存截图: /Users/heyunshen/work/PROJECT/jdc/ai-spider-app/worker_runs/ee1da5b9-126d-40c9-bcf8-225c5dab5c32/81f35539-365b-4844-a5fb-ccdaa20d8ae9/autoglm_step_0_1780985999968.png
  ☁️  已上传 OSS: uploads/screenshots/1780985999975-22582d74-autoglm_step_0_1780985999968.png
  ☁️  OSS URL: https://s3.cn-south-1.jdcloud-oss.com/cia/uploads/screenshots/1780985999975-22582d74-autoglm_step_0_1780985999968.png
  ⚠️ 数据库保存失败（可忽略）: (psycopg2.errors.ForeignKeyViolation) insert or update on table "images" violates foreign key constraint "images_task_id_fkey"
DETAIL:  Key (task_id)=(ee1da5b9-126d-40c9-bcf8-225c5dab5c32) is not present in table "tasks".

[SQL: INSERT INTO images (id, file_path, oss_url, oss_key, source_app, scenario, captured_at, task_id, task_run_id, device_id, created_at) VALUES (%(id)s::UUID, %(file_path)s, %(oss_url)s, %(oss_key)s, %(source_app)s, %(scenario)s, %(captured_at)s, %(task_id)s::UUID, %(task_run_id)s::UUID, %(device_id)s::UUID, %(created_at)s)]
[parameters: {'id': UUID('35729a52-2cca-4300-a6d6-97fb9051571f'), 'file_path': 'worker_runs/ee1da5b9-126d-40c9-bcf8-225c5dab5c32/81f35539-365b-4844-a5fb-ccdaa20d8ae9/autoglm_step_0_1780985999968.png', 'oss_url': 'https://s3.cn-south-1.jdcloud-oss.com/cia/uploads/screenshots/1780985999975-22582d74-autoglm_step_0_1780985999968.png', 'oss_key': 'uploads/screenshots/1780985999975-22582d74-autoglm_step_0_1780985999968.png', 'source_app': 'taobao', 'scenario': 'autoglm', 'captured_at': datetime.datetime(2026, 6, 9, 6, 20, 1, 428350), 'task_id': UUID('ee1da5b9-126d-40c9-bcf8-225c5dab5c32'), 'task_run_id': UUID('81f35539-365b-4844-a5fb-ccdaa20d8ae9'), 'device_id': None, 'created_at': datetime.datetime(2026, 6, 9, 6, 20, 1, 603777)}]
(Background on this error at: https://sqlalche.me/e/20/gkpj)

==================================================
💭 思考过程:
--------------------------------------------------
好的，拼多多已经打开了。我可以看到当前页面是拼多多的首页。页面显示：
- 顶部有搜索框"散热器 🔥"
- 导航栏：推荐、618狂降价、手机、食品、百货、医药等
- 拼小圈
- 下方有几个入口：限时秒杀、充值中心、现金大转盘、免费领水果、其他
- 显示了各种商品

我可以看到"限时秒杀"入口就在页面中间位置。我需要点击它。

限时秒杀的位置大约在坐标 (98, 253) 左右。

==================================================
⏱️  性能指标:
--------------------------------------------------
首 Token 延迟 (TTFT): 5.348s
思考完成延迟:        11.458s
总推理时间:          12.282s
==================================================
Parsing action: do(action="Tap", element=[98,253])
--------------------------------------------------
🎯 执行动作:
{
  "_metadata": "do",
  "action": "Tap",
  "element": [
    98,
    253
  ]
}
==================================================

  📸 已保存截图: /Users/heyunshen/work/PROJECT/jdc/ai-spider-app/worker_runs/ee1da5b9-126d-40c9-bcf8-225c5dab5c32/81f35539-365b-4844-a5fb-ccdaa20d8ae9/autoglm_step_pre_action_0_1780986016104.png
  ☁️  已上传 OSS: uploads/screenshots/1780986016105-676e0291-autoglm_step_pre_action_0_1780986016104.png
  ☁️  OSS URL: https://s3.cn-south-1.jdcloud-oss.com/cia/uploads/screenshots/1780986016105-676e0291-autoglm_step_pre_action_0_1780986016104.png
  ⚠️ 数据库保存失败（可忽略）: (psycopg2.errors.ForeignKeyViolation) insert or update on table "images" violates foreign key constraint "images_task_id_fkey"
DETAIL:  Key (task_id)=(ee1da5b9-126d-40c9-bcf8-225c5dab5c32) is not present in table "tasks".

[SQL: INSERT INTO images (id, file_path, oss_url, oss_key, source_app, scenario, captured_at, task_id, task_run_id, device_id, created_at) VALUES (%(id)s::UUID, %(file_path)s, %(oss_url)s, %(oss_key)s, %(source_app)s, %(scenario)s, %(captured_at)s, %(task_id)s::UUID, %(task_run_id)s::UUID, %(device_id)s::UUID, %(created_at)s)]
[parameters: {'id': UUID('f4effd97-2601-44fe-a0a9-fdd668b3a518'), 'file_path': 'worker_runs/ee1da5b9-126d-40c9-bcf8-225c5dab5c32/81f35539-365b-4844-a5fb-ccdaa20d8ae9/autoglm_step_pre_action_0_1780986016104.png', 'oss_url': 'https://s3.cn-south-1.jdcloud-oss.com/cia/uploads/screenshots/1780986016105-676e0291-autoglm_step_pre_action_0_1780986016104.png', 'oss_key': 'uploads/screenshots/1780986016105-676e0291-autoglm_step_pre_action_0_1780986016104.png', 'source_app': 'taobao', 'scenario': 'autoglm', 'captured_at': datetime.datetime(2026, 6, 9, 6, 20, 16, 677533), 'task_id': UUID('ee1da5b9-126d-40c9-bcf8-225c5dab5c32'), 'task_run_id': UUID('81f35539-365b-4844-a5fb-ccdaa20d8ae9'), 'device_id': None, 'created_at': datetime.datetime(2026, 6, 9, 6, 20, 16, 685379)}]
(Background on this error at: https://sqlalche.me/e/20/gkpj)
  📸 已保存截图: /Users/heyunshen/work/PROJECT/jdc/ai-spider-app/worker_runs/ee1da5b9-126d-40c9-bcf8-225c5dab5c32/81f35539-365b-4844-a5fb-ccdaa20d8ae9/autoglm_step_1_1780986018773.png
  ☁️  已上传 OSS: uploads/screenshots/1780986018774-155b9c5c-autoglm_step_1_1780986018773.png
  ☁️  OSS URL: https://s3.cn-south-1.jdcloud-oss.com/cia/uploads/screenshots/1780986018774-155b9c5c-autoglm_step_1_1780986018773.png
  ⚠️ 数据库保存失败（可忽略）: (psycopg2.errors.ForeignKeyViolation) insert or update on table "images" violates foreign key constraint "images_task_id_fkey"
DETAIL:  Key (task_id)=(ee1da5b9-126d-40c9-bcf8-225c5dab5c32) is not present in table "tasks".

[SQL: INSERT INTO images (id, file_path, oss_url, oss_key, source_app, scenario, captured_at, task_id, task_run_id, device_id, created_at) VALUES (%(id)s::UUID, %(file_path)s, %(oss_url)s, %(oss_key)s, %(source_app)s, %(scenario)s, %(captured_at)s, %(task_id)s::UUID, %(task_run_id)s::UUID, %(device_id)s::UUID, %(created_at)s)]
[parameters: {'id': UUID('465b95ce-2c2d-45e8-8c30-5bc1f466d930'), 'file_path': 'worker_runs/ee1da5b9-126d-40c9-bcf8-225c5dab5c32/81f35539-365b-4844-a5fb-ccdaa20d8ae9/autoglm_step_1_1780986018773.png', 'oss_url': 'https://s3.cn-south-1.jdcloud-oss.com/cia/uploads/screenshots/1780986018774-155b9c5c-autoglm_step_1_1780986018773.png', 'oss_key': 'uploads/screenshots/1780986018774-155b9c5c-autoglm_step_1_1780986018773.png', 'source_app': 'taobao', 'scenario': 'autoglm', 'captured_at': datetime.datetime(2026, 6, 9, 6, 20, 19, 269692), 'task_id': UUID('ee1da5b9-126d-40c9-bcf8-225c5dab5c32'), 'task_run_id': UUID('81f35539-365b-4844-a5fb-ccdaa20d8ae9'), 'device_id': None, 'created_at': datetime.datetime(2026, 6, 9, 6, 20, 19, 274120)}]
(Background on this error at: https://sqlalche.me/e/20/gkpj)

==================================================
💭 思考过程:
--------------------------------------------------
完美！我已经成功进入了拼多多的限时秒杀页面。页面显示：
- 顶部标题"限时秒杀"
- 有万人团拼团价更低的入口
- 显示了各种商品，包括：
  - 五常大米东北大（秒杀¥13.7）
  - 泰国进口金枕榴（秒杀¥51）
  - 景田【5月新货】景田饮用纯
- 底部导航栏显示：限时秒杀、万人团、618、品牌秒杀、即将售罄

任务要求：
1. 打开拼多多App ✓
2. 进入拼多多首页 ✓
3. 确认已到达首页后，在首页找到并点击"限时秒杀"入口 ✓
4. 进入拼多多限时秒杀页面 ✓

现在我已经到达了目标页面（拼多多限时秒杀页面），并且可以看到页面上有各种限时秒杀的商品和活动。

根据任务要求，我需要"到达目标页面后停留并结束任务"。现在我已经成功到达了目标页面，任务应该完成了。

我应该使用[finish]标签来结束任务。

==================================================
⏱️  性能指标:
--------------------------------------------------
首 Token 延迟 (TTFT): 6.912s
思考完成延迟:        22.145s
总推理时间:          32.832s
==================================================
Parsing action: finish(message="任务已完成！我已成功：

1. 打开了拼多多App
2. 进入了拼多多首页
3. 找到并点击了"限时秒杀"入口
4. 成功进入拼多多限时秒杀页面

当前页面显示：
- 页面标题为"限时秒杀"
- 有万人团拼团价更低的入口
- 显示了多个限时秒杀商品，包括五常大米、泰国进口金枕榴等商品及价格
- 底部有14:00开抢中的倒计时提示

已到达目标页面并完成所有步骤，任务完成！")
--------------------------------------------------
🎯 执行动作:
{
  "_metadata": "finish",
  "message": "任务已完成！我已成功：\n\n1. 打开了拼多多App\n2. 进入了拼多多首页\n3. 找到并点击了\"限时秒杀\"入口\n4. 成功进入拼多多限时秒杀页面\n\n当前页面显示：\n- 页面标题为\"限时秒杀\"\n- 有万人团拼团价更低的入口\n- 显示了多个限时秒杀商品，包括五常大米、泰国进口金枕榴等商品及价格\n- 底部有14:00开抢中的倒计时提示\n\n已到达目标页面并完成所有步骤，任务完成！"
}
==================================================

  📸 已保存截图: /Users/heyunshen/work/PROJECT/jdc/ai-spider-app/worker_runs/ee1da5b9-126d-40c9-bcf8-225c5dab5c32/81f35539-365b-4844-a5fb-ccdaa20d8ae9/autoglm_step_pre_action_1_1780986054317.png
  ☁️  已上传 OSS: uploads/screenshots/1780986054318-96c4d820-autoglm_step_pre_action_1_1780986054317.png
  ☁️  OSS URL: https://s3.cn-south-1.jdcloud-oss.com/cia/uploads/screenshots/1780986054318-96c4d820-autoglm_step_pre_action_1_1780986054317.png
  ⚠️ 数据库保存失败（可忽略）: (psycopg2.errors.ForeignKeyViolation) insert or update on table "images" violates foreign key constraint "images_task_id_fkey"
DETAIL:  Key (task_id)=(ee1da5b9-126d-40c9-bcf8-225c5dab5c32) is not present in table "tasks".

[SQL: INSERT INTO images (id, file_path, oss_url, oss_key, source_app, scenario, captured_at, task_id, task_run_id, device_id, created_at) VALUES (%(id)s::UUID, %(file_path)s, %(oss_url)s, %(oss_key)s, %(source_app)s, %(scenario)s, %(captured_at)s, %(task_id)s::UUID, %(task_run_id)s::UUID, %(device_id)s::UUID, %(created_at)s)]
[parameters: {'id': UUID('d6911995-76e3-4cdd-aeb0-765f9cb91949'), 'file_path': 'worker_runs/ee1da5b9-126d-40c9-bcf8-225c5dab5c32/81f35539-365b-4844-a5fb-ccdaa20d8ae9/autoglm_step_pre_action_1_1780986054317.png', 'oss_url': 'https://s3.cn-south-1.jdcloud-oss.com/cia/uploads/screenshots/1780986054318-96c4d820-autoglm_step_pre_action_1_1780986054317.png', 'oss_key': 'uploads/screenshots/1780986054318-96c4d820-autoglm_step_pre_action_1_1780986054317.png', 'source_app': 'taobao', 'scenario': 'autoglm', 'captured_at': datetime.datetime(2026, 6, 9, 6, 20, 54, 847299), 'task_id': UUID('ee1da5b9-126d-40c9-bcf8-225c5dab5c32'), 'task_run_id': UUID('81f35539-365b-4844-a5fb-ccdaa20d8ae9'), 'device_id': None, 'created_at': datetime.datetime(2026, 6, 9, 6, 20, 54, 855915)}]
(Background on this error at: https://sqlalche.me/e/20/gkpj)

🎉 ================================================
✅ 任务完成: 任务已完成！我已成功：

1. 打开了拼多多App
2. 进入了拼多多首页
3. 找到并点击了"限时秒杀"入口
4. 成功进入拼多多限时秒杀页面

当前页面显示：
- 页面标题为"限时秒杀"
- 有万人团拼团价更低的入口
- 显示了多个限时秒杀商品，包括五常大米、泰国进口金枕榴等商品及价格
- 底部有14:00开抢中的倒计时提示

已到达目标页面并完成所有步骤，任务完成！
==================================================

  📸 已保存截图: /Users/heyunshen/work/PROJECT/jdc/ai-spider-app/worker_runs/ee1da5b9-126d-40c9-bcf8-225c5dab5c32/81f35539-365b-4844-a5fb-ccdaa20d8ae9/autoglm_step_2_1780986055939.png
  ☁️  已上传 OSS: uploads/screenshots/1780986055940-886bfcc4-autoglm_step_2_1780986055939.png
  ☁️  OSS URL: https://s3.cn-south-1.jdcloud-oss.com/cia/uploads/screenshots/1780986055940-886bfcc4-autoglm_step_2_1780986055939.png
  ⚠️ 数据库保存失败（可忽略）: (psycopg2.errors.ForeignKeyViolation) insert or update on table "images" violates foreign key constraint "images_task_id_fkey"
DETAIL:  Key (task_id)=(ee1da5b9-126d-40c9-bcf8-225c5dab5c32) is not present in table "tasks".

[SQL: INSERT INTO images (id, file_path, oss_url, oss_key, source_app, scenario, captured_at, task_id, task_run_id, device_id, created_at) VALUES (%(id)s::UUID, %(file_path)s, %(oss_url)s, %(oss_key)s, %(source_app)s, %(scenario)s, %(captured_at)s, %(task_id)s::UUID, %(task_run_id)s::UUID, %(device_id)s::UUID, %(created_at)s)]
[parameters: {'id': UUID('acd0edd8-5246-4f99-871a-71e23ff5f85a'), 'file_path': 'worker_runs/ee1da5b9-126d-40c9-bcf8-225c5dab5c32/81f35539-365b-4844-a5fb-ccdaa20d8ae9/autoglm_step_2_1780986055939.png', 'oss_url': 'https://s3.cn-south-1.jdcloud-oss.com/cia/uploads/screenshots/1780986055940-886bfcc4-autoglm_step_2_1780986055939.png', 'oss_key': 'uploads/screenshots/1780986055940-886bfcc4-autoglm_step_2_1780986055939.png', 'source_app': 'taobao', 'scenario': 'autoglm', 'captured_at': datetime.datetime(2026, 6, 9, 6, 20, 56, 466255), 'task_id': UUID('ee1da5b9-126d-40c9-bcf8-225c5dab5c32'), 'task_run_id': UUID('81f35539-365b-4844-a5fb-ccdaa20d8ae9'), 'device_id': None, 'created_at': datetime.datetime(2026, 6, 9, 6, 20, 56, 470498)}]
(Background on this error at: https://sqlalche.me/e/20/gkpj)
--------------------------------------------------
✅ 任务完成: 任务已完成！我已成功：

1. 打开了拼多多App
2. 进入了拼多多首页
3. 找到并点击了"限时秒杀"入口
4. 成功进入拼多多限时秒杀页面

当前页面显示：
- 页面标题为"限时秒杀"
- 有万人团拼团价更低的入口
- 显示了多个限时秒杀商品，包括五常大米、泰国进口金枕榴等商品及价格
- 底部有14:00开抢中的倒计时提示

已到达目标页面并完成所有步骤，任务完成！
📸 共截图 3 张，保存在: /Users/heyunshen/work/PROJECT/jdc/ai-spider-app/worker_runs/ee1da5b9-126d-40c9-bcf8-225c5dab5c32/81f35539-365b-4844-a5fb-ccdaa20d8ae9
